<?xml version="1.0" encoding="UTF-8"?>
<!-- Generated by org.testng.reporters.JUnitReportReporter -->
<testsuite name="com.qait.automation.training.BingTest" tests="1" time="1.396" ignored="0" failures="0" timestamp="02 Jul 2018 10:01:24 GMT" skipped="0" hostname="ASDP1732PO02529" errors="0">
  <testcase name="match" time="1.396" classname="com.qait.automation.training.BingTest"/>
</testsuite> <!-- com.qait.automation.training.BingTest -->
