<?xml version="1.0" encoding="UTF-8"?>
<!-- Generated by org.testng.reporters.JUnitReportReporter -->
<testsuite name="com.qait.automation.training.HrisTest" tests="1" time="5.296" ignored="0" failures="0" timestamp="02 Jul 2018 12:04:35 GMT" skipped="0" hostname="ASDP1732PO02529" errors="0">
  <testcase name="SecondCase" time="5.296" classname="com.qait.automation.training.HrisTest"/>
</testsuite> <!-- com.qait.automation.training.HrisTest -->
